<?xml version="1.0" encoding="UTF-8"?>
<!-- Generated by org.testng.reporters.JUnitXMLReporter -->
<testsuite ignored="1" hostname="PC-Home" failures="1" tests="1" name="Test(failed)" time="54.031" errors="0" timestamp="2023-01-11T21:38:04 EST">
  <testcase classname="tests.LoginTest" name="loginWithValidCrendetials" time="6.613">
    <failure type="java.lang.AssertionError" message="expected [false] but found [true]">
      <![CDATA[java.lang.AssertionError: expected [false] but found [true]
at tests.LoginTest.loginWithValidCrendetials(LoginTest.java:41)
at java.base/java.util.ArrayList.forEach(ArrayList.java:1511)
... Removed 31 stack frames]]>
    </failure>
  </testcase> <!-- loginWithValidCrendetials -->
  <testcase classname="tests.LoginTest" name="loginWithInvalidCredentials" time="0.0">
    <ignored/>
  </testcase> <!-- loginWithInvalidCredentials -->
</testsuite> <!-- Test(failed) -->
